2017-08-11 14:42:43 INFO  c.e.DemoApplication:48 - Starting DemoApplication on DESKTOP-D78D8EF with PID 3976 (C:\Users\JongHyun\Documents\GitHub\SECURDE-LibrarySystem\target\classes started by JongHyun in C:\Users\JongHyun\Documents\GitHub\SECURDE-LibrarySystem)
2017-08-11 14:42:43 INFO  c.e.DemoApplication:661 - No active profile set, falling back to default profiles: default
2017-08-11 14:42:43 INFO  o.s.b.c.e.AnnotationConfigEmbeddedWebApplicationContext:582 - Refreshing org.springframework.boot.context.embedded.AnnotationConfigEmbeddedWebApplicationContext@16e7dcfd: startup date [Fri Aug 11 14:42:43 SGT 2017]; root of context hierarchy
2017-08-11 14:42:44 INFO  o.s.c.s.PostProcessorRegistrationDelegate$BeanPostProcessorChecker:325 - Bean 'org.springframework.transaction.annotation.ProxyTransactionManagementConfiguration' of type [class org.springframework.transaction.annotation.ProxyTransactionManagementConfiguration$$EnhancerBySpringCGLIB$$9ef7f99e] is not eligible for getting processed by all BeanPostProcessors (for example: not eligible for auto-proxying)
2017-08-11 14:42:44 INFO  o.s.b.c.e.t.TomcatEmbeddedServletContainer:87 - Tomcat initialized with port(s): 8080 (http)
2017-08-11 14:42:44 INFO  o.a.c.c.StandardService:179 - Starting service Tomcat
2017-08-11 14:42:44 INFO  o.a.c.c.StandardEngine:179 - Starting Servlet Engine: Apache Tomcat/8.5.6
2017-08-11 14:42:44 INFO  o.a.c.c.C.[.[.[/]:179 - Initializing Spring embedded WebApplicationContext
2017-08-11 14:42:44 INFO  o.s.w.c.ContextLoader:276 - Root WebApplicationContext: initialization completed in 1367 ms
2017-08-11 14:42:45 INFO  o.s.o.j.LocalContainerEntityManagerFactoryBean:349 - Building JPA container EntityManagerFactory for persistence unit 'default'
2017-08-11 14:42:45 INFO  o.h.j.i.u.LogHelper:31 - HHH000204: Processing PersistenceUnitInfo [
	name: default
	...]
2017-08-11 14:42:45 INFO  o.h.Version:37 - HHH000412: Hibernate Core {5.0.11.Final}
2017-08-11 14:42:45 INFO  o.h.c.Environment:213 - HHH000206: hibernate.properties not found
2017-08-11 14:42:45 INFO  o.h.c.Environment:317 - HHH000021: Bytecode provider name : javassist
2017-08-11 14:42:45 INFO  o.h.a.c.Version:66 - HCANN000001: Hibernate Commons Annotations {5.0.1.Final}
2017-08-11 14:42:45 INFO  o.h.d.Dialect:156 - HHH000400: Using dialect: org.hibernate.dialect.MySQL5Dialect
2017-08-11 14:42:46 INFO  o.h.t.h.SchemaUpdate:105 - HHH000228: Running hbm2ddl schema update
2017-08-11 14:42:46 INFO  o.s.o.j.LocalContainerEntityManagerFactoryBean:382 - Initialized JPA EntityManagerFactory for persistence unit 'default'
2017-08-11 14:42:46 INFO  o.s.w.s.m.m.a.RequestMappingHandlerAdapter:534 - Looking for @ControllerAdvice: org.springframework.boot.context.embedded.AnnotationConfigEmbeddedWebApplicationContext@16e7dcfd: startup date [Fri Aug 11 14:42:43 SGT 2017]; root of context hierarchy
2017-08-11 14:42:46 INFO  o.s.b.w.s.FilterRegistrationBean:258 - Mapping filter: 'characterEncodingFilter' to: [/*]
2017-08-11 14:42:46 INFO  o.s.b.w.s.FilterRegistrationBean:258 - Mapping filter: 'hiddenHttpMethodFilter' to: [/*]
2017-08-11 14:42:46 INFO  o.s.b.w.s.FilterRegistrationBean:258 - Mapping filter: 'httpPutFormContentFilter' to: [/*]
2017-08-11 14:42:46 INFO  o.s.b.w.s.FilterRegistrationBean:258 - Mapping filter: 'requestContextFilter' to: [/*]
2017-08-11 14:42:46 INFO  o.s.b.w.s.DelegatingFilterProxyRegistrationBean:258 - Mapping filter: 'springSecurityFilterChain' to: [/*]
2017-08-11 14:42:46 INFO  o.s.b.w.s.ServletRegistrationBean:190 - Mapping servlet: 'dispatcherServlet' to [/]
2017-08-11 14:42:46 INFO  o.s.s.w.DefaultSecurityFilterChain:43 - Creating filter chain: Ant [pattern='/resources/**'], []
2017-08-11 14:42:46 INFO  o.s.s.w.DefaultSecurityFilterChain:43 - Creating filter chain: Ant [pattern='/static/**'], []
2017-08-11 14:42:46 INFO  o.s.s.w.DefaultSecurityFilterChain:43 - Creating filter chain: Ant [pattern='/css/**'], []
2017-08-11 14:42:46 INFO  o.s.s.w.DefaultSecurityFilterChain:43 - Creating filter chain: Ant [pattern='/js/**'], []
2017-08-11 14:42:46 INFO  o.s.s.w.DefaultSecurityFilterChain:43 - Creating filter chain: Ant [pattern='/images/**'], []
2017-08-11 14:42:47 INFO  o.s.s.w.DefaultSecurityFilterChain:43 - Creating filter chain: org.springframework.security.web.util.matcher.AnyRequestMatcher@1, [org.springframework.security.web.context.request.async.WebAsyncManagerIntegrationFilter@79a7bfbc, org.springframework.security.web.context.SecurityContextPersistenceFilter@30c1da48, org.springframework.security.web.header.HeaderWriterFilter@d1d8e1a, org.springframework.security.web.csrf.CsrfFilter@2a367e93, org.springframework.security.web.authentication.logout.LogoutFilter@6c101cc1, org.springframework.security.web.authentication.UsernamePasswordAuthenticationFilter@11c3ff67, org.springframework.security.web.savedrequest.RequestCacheAwareFilter@3f1ef9d6, org.springframework.security.web.servletapi.SecurityContextHolderAwareRequestFilter@54402c04, org.springframework.security.web.authentication.AnonymousAuthenticationFilter@77f68df, org.springframework.security.web.session.SessionManagementFilter@3b48e183, org.springframework.security.web.access.ExceptionTranslationFilter@16a9eb2e, org.springframework.security.web.access.intercept.FilterSecurityInterceptor@7d7cac8]
2017-08-11 14:42:47 INFO  o.s.w.s.m.m.a.RequestMappingHandlerMapping:543 - Mapped "{[/admin/create],methods=[POST]}" onto public org.springframework.web.servlet.ModelAndView com.example.controller.AdminController.createNewAccount(com.example.model.User,org.springframework.validation.BindingResult,java.lang.String)
2017-08-11 14:42:47 INFO  o.s.w.s.m.m.a.RequestMappingHandlerMapping:543 - Mapped "{[/admin/manage],methods=[GET]}" onto public org.springframework.web.servlet.ModelAndView com.example.controller.AdminController.manageAccounts()
2017-08-11 14:42:47 INFO  o.s.w.s.m.m.a.RequestMappingHandlerMapping:543 - Mapped "{[/admin/create],methods=[GET]}" onto public org.springframework.web.servlet.ModelAndView com.example.controller.AdminController.createAccount()
2017-08-11 14:42:47 INFO  o.s.w.s.m.m.a.RequestMappingHandlerMapping:543 - Mapped "{[/admin/unlock],methods=[GET]}" onto public org.springframework.web.servlet.ModelAndView com.example.controller.AdminController.unlockAccount()
2017-08-11 14:42:47 INFO  o.s.w.s.m.m.a.RequestMappingHandlerMapping:543 - Mapped "{[/admin/unlock],methods=[POST]}" onto public org.springframework.web.servlet.ModelAndView com.example.controller.AdminController.saveEditReadingMaterial(java.lang.String)
2017-08-11 14:42:47 INFO  o.s.w.s.m.m.a.RequestMappingHandlerMapping:543 - Mapped "{[/error],methods=[GET]}" onto public org.springframework.web.servlet.ModelAndView com.example.controller.LoginController.error()
2017-08-11 14:42:47 INFO  o.s.w.s.m.m.a.RequestMappingHandlerMapping:543 - Mapped "{[/registration || /admin/create_employee],methods=[POST]}" onto public org.springframework.web.servlet.ModelAndView com.example.controller.LoginController.createNewUser(com.example.model.User,org.springframework.validation.BindingResult,java.lang.String)
2017-08-11 14:42:47 INFO  o.s.w.s.m.m.a.RequestMappingHandlerMapping:543 - Mapped "{[/ || /login],methods=[GET]}" onto public org.springframework.web.servlet.ModelAndView com.example.controller.LoginController.login()
2017-08-11 14:42:47 INFO  o.s.w.s.m.m.a.RequestMappingHandlerMapping:543 - Mapped "{[/admin/home],methods=[GET]}" onto public org.springframework.web.servlet.ModelAndView com.example.controller.LoginController.adminHome(javax.servlet.http.HttpSession)
2017-08-11 14:42:47 INFO  o.s.w.s.m.m.a.RequestMappingHandlerMapping:543 - Mapped "{[/employee/staff/home],methods=[GET]}" onto public org.springframework.web.servlet.ModelAndView com.example.controller.LoginController.staffHome(javax.servlet.http.HttpSession)
2017-08-11 14:42:47 INFO  o.s.w.s.m.m.a.RequestMappingHandlerMapping:543 - Mapped "{[/employee/manager/home],methods=[GET]}" onto public org.springframework.web.servlet.ModelAndView com.example.controller.LoginController.managerHome(javax.servlet.http.HttpSession)
2017-08-11 14:42:47 INFO  o.s.w.s.m.m.a.RequestMappingHandlerMapping:543 - Mapped "{[/library/home],methods=[GET]}" onto public org.springframework.web.servlet.ModelAndView com.example.controller.LoginController.libraryHome(javax.servlet.http.HttpSession)
2017-08-11 14:42:47 INFO  o.s.w.s.m.m.a.RequestMappingHandlerMapping:543 - Mapped "{[/registration],methods=[GET]}" onto public org.springframework.web.servlet.ModelAndView com.example.controller.LoginController.registration()
2017-08-11 14:42:47 INFO  o.s.w.s.m.m.a.RequestMappingHandlerMapping:543 - Mapped "{[/employee/manager/overrideMaterial],methods=[POST]}" onto public org.springframework.web.servlet.ModelAndView com.example.controller.ManagerController.overrideMaterialReservationFinish(java.lang.String)
2017-08-11 14:42:47 INFO  o.s.w.s.m.m.a.RequestMappingHandlerMapping:543 - Mapped "{[/employee/manager/edit],methods=[POST]}" onto public org.springframework.web.servlet.ModelAndView com.example.controller.ManagerController.saveEditReadingMaterial(com.example.model.ReadingMaterial,org.springframework.validation.BindingResult)
2017-08-11 14:42:47 INFO  o.s.w.s.m.m.a.RequestMappingHandlerMapping:543 - Mapped "{[/employee/manager/manage],methods=[GET]}" onto public org.springframework.web.servlet.ModelAndView com.example.controller.ManagerController.manageReadingMaterials()
2017-08-11 14:42:47 INFO  o.s.w.s.m.m.a.RequestMappingHandlerMapping:543 - Mapped "{[/employee/manager/overrideMaterial],methods=[GET]}" onto public org.springframework.web.servlet.ModelAndView com.example.controller.ManagerController.overrideMaterialReservation()
2017-08-11 14:42:47 INFO  o.s.w.s.m.m.a.RequestMappingHandlerMapping:543 - Mapped "{[/employee/manager/delete],methods=[POST]}" onto public org.springframework.web.servlet.ModelAndView com.example.controller.ManagerController.deleteReadingMaterialFinish(int)
2017-08-11 14:42:47 INFO  o.s.w.s.m.m.a.RequestMappingHandlerMapping:543 - Mapped "{[/employee/manager/create],methods=[POST]}" onto public org.springframework.web.servlet.ModelAndView com.example.controller.ManagerController.createNewReadingMaterial(com.example.model.ReadingMaterial,org.springframework.validation.BindingResult,java.lang.String)
2017-08-11 14:42:47 INFO  o.s.w.s.m.m.a.RequestMappingHandlerMapping:543 - Mapped "{[/employee/manager/override],methods=[GET]}" onto public org.springframework.web.servlet.ModelAndView com.example.controller.ManagerController.manageReservation()
2017-08-11 14:42:47 INFO  o.s.w.s.m.m.a.RequestMappingHandlerMapping:543 - Mapped "{[/employee/manager/overrideRoom],methods=[GET]}" onto public org.springframework.web.servlet.ModelAndView com.example.controller.ManagerController.overrideRoomReservation()
2017-08-11 14:42:47 INFO  o.s.w.s.m.m.a.RequestMappingHandlerMapping:543 - Mapped "{[/employee/manager/edit],methods=[GET]}" onto public org.springframework.web.servlet.ModelAndView com.example.controller.ManagerController.editReadingMaterial()
2017-08-11 14:42:47 INFO  o.s.w.s.m.m.a.RequestMappingHandlerMapping:543 - Mapped "{[/employee/manager/delete],methods=[GET]}" onto public org.springframework.web.servlet.ModelAndView com.example.controller.ManagerController.deleteReadingMaterial()
2017-08-11 14:42:47 INFO  o.s.w.s.m.m.a.RequestMappingHandlerMapping:543 - Mapped "{[/employee/manager/create],methods=[GET]}" onto public org.springframework.web.servlet.ModelAndView com.example.controller.ManagerController.createReadingMaterial()
2017-08-11 14:42:47 INFO  o.s.w.s.m.m.a.RequestMappingHandlerMapping:543 - Mapped "{[/employee/manager/overrideRoom],methods=[POST]}" onto public org.springframework.web.servlet.ModelAndView com.example.controller.ManagerController.overrideRoomReservationFinish(java.lang.String)
2017-08-11 14:42:47 INFO  o.s.w.s.m.m.a.RequestMappingHandlerMapping:543 - Mapped "{[/employee/manager/edit/{title}],methods=[POST]}" onto public org.springframework.web.servlet.ModelAndView com.example.controller.ManagerController.editSpecificReadingMaterial(java.lang.String)
2017-08-11 14:42:47 INFO  o.s.w.s.m.m.a.RequestMappingHandlerMapping:543 - Mapped "{[/employee/staff/edit],methods=[POST]}" onto public org.springframework.web.servlet.ModelAndView com.example.controller.StaffController.saveEditReadingMaterial(com.example.model.ReadingMaterial,org.springframework.validation.BindingResult)
2017-08-11 14:42:47 INFO  o.s.w.s.m.m.a.RequestMappingHandlerMapping:543 - Mapped "{[/employee/staff/delete],methods=[POST]}" onto public org.springframework.web.servlet.ModelAndView com.example.controller.StaffController.deleteReadingMaterialFinish(int)
2017-08-11 14:42:47 INFO  o.s.w.s.m.m.a.RequestMappingHandlerMapping:543 - Mapped "{[/employee/staff/create],methods=[POST]}" onto public org.springframework.web.servlet.ModelAndView com.example.controller.StaffController.createNewReadingMaterial(com.example.model.ReadingMaterial,org.springframework.validation.BindingResult,java.lang.String)
2017-08-11 14:42:47 INFO  o.s.w.s.m.m.a.RequestMappingHandlerMapping:543 - Mapped "{[/employee/staff/manage],methods=[GET]}" onto public org.springframework.web.servlet.ModelAndView com.example.controller.StaffController.staffeadingMaterials()
2017-08-11 14:42:47 INFO  o.s.w.s.m.m.a.RequestMappingHandlerMapping:543 - Mapped "{[/employee/staff/room],methods=[GET]}" onto public org.springframework.web.servlet.ModelAndView com.example.controller.StaffController.viewRoomReservations()
2017-08-11 14:42:47 INFO  o.s.w.s.m.m.a.RequestMappingHandlerMapping:543 - Mapped "{[/employee/staff/room],methods=[POST]}" onto public org.springframework.web.servlet.ModelAndView com.example.controller.StaffController.viewRoomReservations(java.lang.String,java.lang.String)
2017-08-11 14:42:47 INFO  o.s.w.s.m.m.a.RequestMappingHandlerMapping:543 - Mapped "{[/employee/staff/edit],methods=[GET]}" onto public org.springframework.web.servlet.ModelAndView com.example.controller.StaffController.editReadingMaterial()
2017-08-11 14:42:47 INFO  o.s.w.s.m.m.a.RequestMappingHandlerMapping:543 - Mapped "{[/employee/staff/delete],methods=[GET]}" onto public org.springframework.web.servlet.ModelAndView com.example.controller.StaffController.deleteReadingMaterial()
2017-08-11 14:42:47 INFO  o.s.w.s.m.m.a.RequestMappingHandlerMapping:543 - Mapped "{[/employee/staff/create],methods=[GET]}" onto public org.springframework.web.servlet.ModelAndView com.example.controller.StaffController.createReadingMaterial()
2017-08-11 14:42:47 INFO  o.s.w.s.m.m.a.RequestMappingHandlerMapping:543 - Mapped "{[/employee/staff/edit/{title}],methods=[POST]}" onto public org.springframework.web.servlet.ModelAndView com.example.controller.StaffController.editSpecificReadingMaterial(java.lang.String)
2017-08-11 14:42:47 INFO  o.s.w.s.m.m.a.RequestMappingHandlerMapping:543 - Mapped "{[/library/room],methods=[POST]}" onto public org.springframework.web.servlet.ModelAndView com.example.controller.UserController.libraryRoom(java.lang.String,java.lang.String)
2017-08-11 14:42:47 INFO  o.s.w.s.m.m.a.RequestMappingHandlerMapping:543 - Mapped "{[/library/room],methods=[GET]}" onto public org.springframework.web.servlet.ModelAndView com.example.controller.UserController.libraryRoom()
2017-08-11 14:42:47 INFO  o.s.w.s.m.m.a.RequestMappingHandlerMapping:543 - Mapped "{[/library/reserve/],methods=[POST]}" onto public org.springframework.web.servlet.ModelAndView com.example.controller.UserController.saveReserveReadingMaterial(com.example.model.ReadingMaterialReservation,org.springframework.validation.BindingResult,int,java.lang.String)
2017-08-11 14:42:47 INFO  o.s.w.s.m.m.a.RequestMappingHandlerMapping:543 - Mapped "{[/library/review],methods=[POST]}" onto public org.springframework.web.servlet.ModelAndView com.example.controller.UserController.reviewReadingMaterial(int,java.lang.String)
2017-08-11 14:42:47 INFO  o.s.w.s.m.m.a.RequestMappingHandlerMapping:543 - Mapped "{[/library/review/],methods=[POST]}" onto public org.springframework.web.servlet.ModelAndView com.example.controller.UserController.addReviewReadingMaterial(com.example.model.Review,int,java.lang.String)
2017-08-11 14:42:47 INFO  o.s.w.s.m.m.a.RequestMappingHandlerMapping:543 - Mapped "{[/library/reserve],methods=[POST]}" onto public org.springframework.web.servlet.ModelAndView com.example.controller.UserController.reserveReadingMaterial(org.springframework.web.servlet.mvc.support.RedirectAttributes,int,java.lang.String)
2017-08-11 14:42:47 INFO  o.s.w.s.m.m.a.RequestMappingHandlerMapping:543 - Mapped "{[/library/room/reserve],methods=[POST]}" onto public org.springframework.web.servlet.ModelAndView com.example.controller.UserController.libraryRoomReserve(java.lang.String,java.lang.String,java.lang.String,java.lang.String)
2017-08-11 14:42:47 INFO  o.s.w.s.m.m.a.RequestMappingHandlerMapping:543 - Mapped "{[/error]}" onto public org.springframework.http.ResponseEntity<java.util.Map<java.lang.String, java.lang.Object>> org.springframework.boot.autoconfigure.web.BasicErrorController.error(javax.servlet.http.HttpServletRequest)
2017-08-11 14:42:47 INFO  o.s.w.s.m.m.a.RequestMappingHandlerMapping:543 - Mapped "{[/error],produces=[text/html]}" onto public org.springframework.web.servlet.ModelAndView org.springframework.boot.autoconfigure.web.BasicErrorController.errorHtml(javax.servlet.http.HttpServletRequest,javax.servlet.http.HttpServletResponse)
2017-08-11 14:42:47 INFO  o.s.w.s.h.SimpleUrlHandlerMapping:354 - Mapped URL path [/webjars/**] onto handler of type [class org.springframework.web.servlet.resource.ResourceHttpRequestHandler]
2017-08-11 14:42:47 INFO  o.s.w.s.h.SimpleUrlHandlerMapping:354 - Mapped URL path [/**] onto handler of type [class org.springframework.web.servlet.resource.ResourceHttpRequestHandler]
2017-08-11 14:42:47 INFO  o.s.w.s.h.SimpleUrlHandlerMapping:354 - Mapped URL path [/**/favicon.ico] onto handler of type [class org.springframework.web.servlet.resource.ResourceHttpRequestHandler]
2017-08-11 14:42:47 INFO  o.s.b.a.s.AuthenticationManagerConfiguration:169 - 

Using default security password: a21c34f2-1187-43fe-8a25-d26da217bcea

2017-08-11 14:42:47 INFO  o.s.j.e.a.AnnotationMBeanExporter:431 - Registering beans for JMX exposure on startup
2017-08-11 14:42:47 INFO  o.s.b.c.e.t.TomcatEmbeddedServletContainer:185 - Tomcat started on port(s): 8080 (http)
2017-08-11 14:42:47 INFO  c.e.DemoApplication:57 - Started DemoApplication in 4.424 seconds (JVM running for 4.915)
2017-08-11 14:43:14 INFO  o.a.c.c.C.[.[.[/]:179 - Initializing Spring FrameworkServlet 'dispatcherServlet'
2017-08-11 14:43:14 INFO  o.s.w.s.DispatcherServlet:489 - FrameworkServlet 'dispatcherServlet': initialization started
2017-08-11 14:43:14 INFO  o.s.w.s.DispatcherServlet:508 - FrameworkServlet 'dispatcherServlet': initialization completed in 19 ms
2017-08-11 14:43:24 INFO  o.h.h.i.QueryTranslatorFactoryInitiator:47 - HHH000397: Using ASTQueryTranslatorFactory
2017-08-11 14:45:36 INFO  o.s.b.a.SpringApplicationAdminMXBeanRegistrar$SpringApplicationAdmin:125 - Application shutdown requested.
2017-08-11 14:45:36 INFO  o.s.b.c.e.AnnotationConfigEmbeddedWebApplicationContext:987 - Closing org.springframework.boot.context.embedded.AnnotationConfigEmbeddedWebApplicationContext@16e7dcfd: startup date [Fri Aug 11 14:42:43 SGT 2017]; root of context hierarchy
2017-08-11 14:45:36 INFO  o.s.j.e.a.AnnotationMBeanExporter:449 - Unregistering JMX-exposed beans on shutdown
2017-08-11 14:45:36 INFO  o.s.o.j.LocalContainerEntityManagerFactoryBean:551 - Closing JPA EntityManagerFactory for persistence unit 'default'
2017-08-11 14:45:42 INFO  c.e.DemoApplication:48 - Starting DemoApplication on DESKTOP-D78D8EF with PID 5272 (C:\Users\JongHyun\Documents\GitHub\SECURDE-LibrarySystem\target\classes started by JongHyun in C:\Users\JongHyun\Documents\GitHub\SECURDE-LibrarySystem)
2017-08-11 14:45:42 INFO  c.e.DemoApplication:661 - No active profile set, falling back to default profiles: default
2017-08-11 14:45:42 INFO  o.s.b.c.e.AnnotationConfigEmbeddedWebApplicationContext:582 - Refreshing org.springframework.boot.context.embedded.AnnotationConfigEmbeddedWebApplicationContext@16e7dcfd: startup date [Fri Aug 11 14:45:42 SGT 2017]; root of context hierarchy
2017-08-11 14:45:43 INFO  o.s.c.s.PostProcessorRegistrationDelegate$BeanPostProcessorChecker:325 - Bean 'org.springframework.transaction.annotation.ProxyTransactionManagementConfiguration' of type [class org.springframework.transaction.annotation.ProxyTransactionManagementConfiguration$$EnhancerBySpringCGLIB$$9ef7f99e] is not eligible for getting processed by all BeanPostProcessors (for example: not eligible for auto-proxying)
2017-08-11 14:45:43 INFO  o.s.b.c.e.t.TomcatEmbeddedServletContainer:87 - Tomcat initialized with port(s): 8080 (http)
2017-08-11 14:45:43 INFO  o.a.c.c.StandardService:179 - Starting service Tomcat
2017-08-11 14:45:43 INFO  o.a.c.c.StandardEngine:179 - Starting Servlet Engine: Apache Tomcat/8.5.6
2017-08-11 14:45:43 INFO  o.a.c.c.C.[.[.[/]:179 - Initializing Spring embedded WebApplicationContext
2017-08-11 14:45:43 INFO  o.s.w.c.ContextLoader:276 - Root WebApplicationContext: initialization completed in 1307 ms
2017-08-11 14:45:44 INFO  o.s.o.j.LocalContainerEntityManagerFactoryBean:349 - Building JPA container EntityManagerFactory for persistence unit 'default'
2017-08-11 14:45:44 INFO  o.h.j.i.u.LogHelper:31 - HHH000204: Processing PersistenceUnitInfo [
	name: default
	...]
2017-08-11 14:45:44 INFO  o.h.Version:37 - HHH000412: Hibernate Core {5.0.11.Final}
2017-08-11 14:45:44 INFO  o.h.c.Environment:213 - HHH000206: hibernate.properties not found
2017-08-11 14:45:44 INFO  o.h.c.Environment:317 - HHH000021: Bytecode provider name : javassist
2017-08-11 14:45:44 INFO  o.h.a.c.Version:66 - HCANN000001: Hibernate Commons Annotations {5.0.1.Final}
2017-08-11 14:45:44 INFO  o.h.d.Dialect:156 - HHH000400: Using dialect: org.hibernate.dialect.MySQL5Dialect
2017-08-11 14:45:44 INFO  o.h.t.h.SchemaUpdate:105 - HHH000228: Running hbm2ddl schema update
2017-08-11 14:45:44 INFO  o.s.o.j.LocalContainerEntityManagerFactoryBean:382 - Initialized JPA EntityManagerFactory for persistence unit 'default'
2017-08-11 14:45:45 INFO  o.s.w.s.m.m.a.RequestMappingHandlerAdapter:534 - Looking for @ControllerAdvice: org.springframework.boot.context.embedded.AnnotationConfigEmbeddedWebApplicationContext@16e7dcfd: startup date [Fri Aug 11 14:45:42 SGT 2017]; root of context hierarchy
2017-08-11 14:45:45 INFO  o.s.b.w.s.FilterRegistrationBean:258 - Mapping filter: 'characterEncodingFilter' to: [/*]
2017-08-11 14:45:45 INFO  o.s.b.w.s.FilterRegistrationBean:258 - Mapping filter: 'hiddenHttpMethodFilter' to: [/*]
2017-08-11 14:45:45 INFO  o.s.b.w.s.FilterRegistrationBean:258 - Mapping filter: 'httpPutFormContentFilter' to: [/*]
2017-08-11 14:45:45 INFO  o.s.b.w.s.FilterRegistrationBean:258 - Mapping filter: 'requestContextFilter' to: [/*]
2017-08-11 14:45:45 INFO  o.s.b.w.s.DelegatingFilterProxyRegistrationBean:258 - Mapping filter: 'springSecurityFilterChain' to: [/*]
2017-08-11 14:45:45 INFO  o.s.b.w.s.ServletRegistrationBean:190 - Mapping servlet: 'dispatcherServlet' to [/]
2017-08-11 14:45:45 INFO  o.s.s.w.DefaultSecurityFilterChain:43 - Creating filter chain: Ant [pattern='/resources/**'], []
2017-08-11 14:45:45 INFO  o.s.s.w.DefaultSecurityFilterChain:43 - Creating filter chain: Ant [pattern='/static/**'], []
2017-08-11 14:45:45 INFO  o.s.s.w.DefaultSecurityFilterChain:43 - Creating filter chain: Ant [pattern='/css/**'], []
2017-08-11 14:45:45 INFO  o.s.s.w.DefaultSecurityFilterChain:43 - Creating filter chain: Ant [pattern='/js/**'], []
2017-08-11 14:45:45 INFO  o.s.s.w.DefaultSecurityFilterChain:43 - Creating filter chain: Ant [pattern='/images/**'], []
2017-08-11 14:45:45 INFO  o.s.s.w.DefaultSecurityFilterChain:43 - Creating filter chain: org.springframework.security.web.util.matcher.AnyRequestMatcher@1, [org.springframework.security.web.context.request.async.WebAsyncManagerIntegrationFilter@77f68df, org.springframework.security.web.context.SecurityContextPersistenceFilter@43a65cd8, org.springframework.security.web.header.HeaderWriterFilter@5434e40c, org.springframework.security.web.csrf.CsrfFilter@7f6874f2, org.springframework.security.web.authentication.logout.LogoutFilter@7d0d91a1, org.springframework.security.web.authentication.UsernamePasswordAuthenticationFilter@4397a639, org.springframework.security.web.savedrequest.RequestCacheAwareFilter@17461db, org.springframework.security.web.servletapi.SecurityContextHolderAwareRequestFilter@5b3bb1f7, org.springframework.security.web.authentication.AnonymousAuthenticationFilter@3e4e4c1, org.springframework.security.web.session.SessionManagementFilter@514de325, org.springframework.security.web.access.ExceptionTranslationFilter@76332405, org.springframework.security.web.access.intercept.FilterSecurityInterceptor@6fc6deb7]
2017-08-11 14:45:45 INFO  o.s.w.s.m.m.a.RequestMappingHandlerMapping:543 - Mapped "{[/admin/create],methods=[POST]}" onto public org.springframework.web.servlet.ModelAndView com.example.controller.AdminController.createNewAccount(com.example.model.User,org.springframework.validation.BindingResult,java.lang.String)
2017-08-11 14:45:45 INFO  o.s.w.s.m.m.a.RequestMappingHandlerMapping:543 - Mapped "{[/admin/manage],methods=[GET]}" onto public org.springframework.web.servlet.ModelAndView com.example.controller.AdminController.manageAccounts()
2017-08-11 14:45:45 INFO  o.s.w.s.m.m.a.RequestMappingHandlerMapping:543 - Mapped "{[/admin/unlock],methods=[GET]}" onto public org.springframework.web.servlet.ModelAndView com.example.controller.AdminController.unlockAccount()
2017-08-11 14:45:45 INFO  o.s.w.s.m.m.a.RequestMappingHandlerMapping:543 - Mapped "{[/admin/create],methods=[GET]}" onto public org.springframework.web.servlet.ModelAndView com.example.controller.AdminController.createAccount()
2017-08-11 14:45:45 INFO  o.s.w.s.m.m.a.RequestMappingHandlerMapping:543 - Mapped "{[/admin/unlock],methods=[POST]}" onto public org.springframework.web.servlet.ModelAndView com.example.controller.AdminController.saveEditReadingMaterial(java.lang.String)
2017-08-11 14:45:45 INFO  o.s.w.s.m.m.a.RequestMappingHandlerMapping:543 - Mapped "{[/error],methods=[GET]}" onto public org.springframework.web.servlet.ModelAndView com.example.controller.LoginController.error()
2017-08-11 14:45:45 INFO  o.s.w.s.m.m.a.RequestMappingHandlerMapping:543 - Mapped "{[/admin/home],methods=[GET]}" onto public org.springframework.web.servlet.ModelAndView com.example.controller.LoginController.adminHome(javax.servlet.http.HttpSession)
2017-08-11 14:45:45 INFO  o.s.w.s.m.m.a.RequestMappingHandlerMapping:543 - Mapped "{[/library/home],methods=[GET]}" onto public org.springframework.web.servlet.ModelAndView com.example.controller.LoginController.libraryHome(javax.servlet.http.HttpSession)
2017-08-11 14:45:45 INFO  o.s.w.s.m.m.a.RequestMappingHandlerMapping:543 - Mapped "{[/registration],methods=[GET]}" onto public org.springframework.web.servlet.ModelAndView com.example.controller.LoginController.registration()
2017-08-11 14:45:45 INFO  o.s.w.s.m.m.a.RequestMappingHandlerMapping:543 - Mapped "{[/registration || /admin/create_employee],methods=[POST]}" onto public org.springframework.web.servlet.ModelAndView com.example.controller.LoginController.createNewUser(com.example.model.User,org.springframework.validation.BindingResult,java.lang.String)
2017-08-11 14:45:45 INFO  o.s.w.s.m.m.a.RequestMappingHandlerMapping:543 - Mapped "{[/ || /login],methods=[GET]}" onto public org.springframework.web.servlet.ModelAndView com.example.controller.LoginController.login()
2017-08-11 14:45:45 INFO  o.s.w.s.m.m.a.RequestMappingHandlerMapping:543 - Mapped "{[/employee/manager/home],methods=[GET]}" onto public org.springframework.web.servlet.ModelAndView com.example.controller.LoginController.managerHome(javax.servlet.http.HttpSession)
2017-08-11 14:45:45 INFO  o.s.w.s.m.m.a.RequestMappingHandlerMapping:543 - Mapped "{[/employee/staff/home],methods=[GET]}" onto public org.springframework.web.servlet.ModelAndView com.example.controller.LoginController.staffHome(javax.servlet.http.HttpSession)
2017-08-11 14:45:45 INFO  o.s.w.s.m.m.a.RequestMappingHandlerMapping:543 - Mapped "{[/employee/manager/overrideMaterial],methods=[POST]}" onto public org.springframework.web.servlet.ModelAndView com.example.controller.ManagerController.overrideMaterialReservationFinish(java.lang.String)
2017-08-11 14:45:45 INFO  o.s.w.s.m.m.a.RequestMappingHandlerMapping:543 - Mapped "{[/employee/manager/create],methods=[GET]}" onto public org.springframework.web.servlet.ModelAndView com.example.controller.ManagerController.createReadingMaterial()
2017-08-11 14:45:45 INFO  o.s.w.s.m.m.a.RequestMappingHandlerMapping:543 - Mapped "{[/employee/manager/delete],methods=[POST]}" onto public org.springframework.web.servlet.ModelAndView com.example.controller.ManagerController.deleteReadingMaterialFinish(int)
2017-08-11 14:45:45 INFO  o.s.w.s.m.m.a.RequestMappingHandlerMapping:543 - Mapped "{[/employee/manager/edit],methods=[GET]}" onto public org.springframework.web.servlet.ModelAndView com.example.controller.ManagerController.editReadingMaterial()
2017-08-11 14:45:45 INFO  o.s.w.s.m.m.a.RequestMappingHandlerMapping:543 - Mapped "{[/employee/manager/delete],methods=[GET]}" onto public org.springframework.web.servlet.ModelAndView com.example.controller.ManagerController.deleteReadingMaterial()
2017-08-11 14:45:45 INFO  o.s.w.s.m.m.a.RequestMappingHandlerMapping:543 - Mapped "{[/employee/manager/manage],methods=[GET]}" onto public org.springframework.web.servlet.ModelAndView com.example.controller.ManagerController.manageReadingMaterials()
2017-08-11 14:45:45 INFO  o.s.w.s.m.m.a.RequestMappingHandlerMapping:543 - Mapped "{[/employee/manager/overrideMaterial],methods=[GET]}" onto public org.springframework.web.servlet.ModelAndView com.example.controller.ManagerController.overrideMaterialReservation()
2017-08-11 14:45:45 INFO  o.s.w.s.m.m.a.RequestMappingHandlerMapping:543 - Mapped "{[/employee/manager/edit],methods=[POST]}" onto public org.springframework.web.servlet.ModelAndView com.example.controller.ManagerController.saveEditReadingMaterial(com.example.model.ReadingMaterial,org.springframework.validation.BindingResult)
2017-08-11 14:45:45 INFO  o.s.w.s.m.m.a.RequestMappingHandlerMapping:543 - Mapped "{[/employee/manager/overrideRoom],methods=[POST]}" onto public org.springframework.web.servlet.ModelAndView com.example.controller.ManagerController.overrideRoomReservationFinish(java.lang.String)
2017-08-11 14:45:45 INFO  o.s.w.s.m.m.a.RequestMappingHandlerMapping:543 - Mapped "{[/employee/manager/override],methods=[GET]}" onto public org.springframework.web.servlet.ModelAndView com.example.controller.ManagerController.manageReservation()
2017-08-11 14:45:45 INFO  o.s.w.s.m.m.a.RequestMappingHandlerMapping:543 - Mapped "{[/employee/manager/edit/{title}],methods=[POST]}" onto public org.springframework.web.servlet.ModelAndView com.example.controller.ManagerController.editSpecificReadingMaterial(java.lang.String)
2017-08-11 14:45:45 INFO  o.s.w.s.m.m.a.RequestMappingHandlerMapping:543 - Mapped "{[/employee/manager/create],methods=[POST]}" onto public org.springframework.web.servlet.ModelAndView com.example.controller.ManagerController.createNewReadingMaterial(com.example.model.ReadingMaterial,org.springframework.validation.BindingResult,java.lang.String)
2017-08-11 14:45:45 INFO  o.s.w.s.m.m.a.RequestMappingHandlerMapping:543 - Mapped "{[/employee/manager/overrideRoom],methods=[GET]}" onto public org.springframework.web.servlet.ModelAndView com.example.controller.ManagerController.overrideRoomReservation()
2017-08-11 14:45:45 INFO  o.s.w.s.m.m.a.RequestMappingHandlerMapping:543 - Mapped "{[/employee/staff/create],methods=[GET]}" onto public org.springframework.web.servlet.ModelAndView com.example.controller.StaffController.createReadingMaterial()
2017-08-11 14:45:45 INFO  o.s.w.s.m.m.a.RequestMappingHandlerMapping:543 - Mapped "{[/employee/staff/delete],methods=[POST]}" onto public org.springframework.web.servlet.ModelAndView com.example.controller.StaffController.deleteReadingMaterialFinish(int)
2017-08-11 14:45:45 INFO  o.s.w.s.m.m.a.RequestMappingHandlerMapping:543 - Mapped "{[/employee/staff/manage],methods=[GET]}" onto public org.springframework.web.servlet.ModelAndView com.example.controller.StaffController.staffeadingMaterials()
2017-08-11 14:45:45 INFO  o.s.w.s.m.m.a.RequestMappingHandlerMapping:543 - Mapped "{[/employee/staff/edit],methods=[GET]}" onto public org.springframework.web.servlet.ModelAndView com.example.controller.StaffController.editReadingMaterial()
2017-08-11 14:45:45 INFO  o.s.w.s.m.m.a.RequestMappingHandlerMapping:543 - Mapped "{[/employee/staff/delete],methods=[GET]}" onto public org.springframework.web.servlet.ModelAndView com.example.controller.StaffController.deleteReadingMaterial()
2017-08-11 14:45:45 INFO  o.s.w.s.m.m.a.RequestMappingHandlerMapping:543 - Mapped "{[/employee/staff/edit],methods=[POST]}" onto public org.springframework.web.servlet.ModelAndView com.example.controller.StaffController.saveEditReadingMaterial(com.example.model.ReadingMaterial,org.springframework.validation.BindingResult)
2017-08-11 14:45:45 INFO  o.s.w.s.m.m.a.RequestMappingHandlerMapping:543 - Mapped "{[/employee/staff/edit/{title}],methods=[POST]}" onto public org.springframework.web.servlet.ModelAndView com.example.controller.StaffController.editSpecificReadingMaterial(java.lang.String)
2017-08-11 14:45:45 INFO  o.s.w.s.m.m.a.RequestMappingHandlerMapping:543 - Mapped "{[/employee/staff/create],methods=[POST]}" onto public org.springframework.web.servlet.ModelAndView com.example.controller.StaffController.createNewReadingMaterial(com.example.model.ReadingMaterial,org.springframework.validation.BindingResult,java.lang.String)
2017-08-11 14:45:45 INFO  o.s.w.s.m.m.a.RequestMappingHandlerMapping:543 - Mapped "{[/employee/staff/room],methods=[POST]}" onto public org.springframework.web.servlet.ModelAndView com.example.controller.StaffController.viewRoomReservations(java.lang.String,java.lang.String)
2017-08-11 14:45:45 INFO  o.s.w.s.m.m.a.RequestMappingHandlerMapping:543 - Mapped "{[/employee/staff/room],methods=[GET]}" onto public org.springframework.web.servlet.ModelAndView com.example.controller.StaffController.viewRoomReservations()
2017-08-11 14:45:45 INFO  o.s.w.s.m.m.a.RequestMappingHandlerMapping:543 - Mapped "{[/library/room],methods=[POST]}" onto public org.springframework.web.servlet.ModelAndView com.example.controller.UserController.libraryRoom(java.lang.String,java.lang.String)
2017-08-11 14:45:45 INFO  o.s.w.s.m.m.a.RequestMappingHandlerMapping:543 - Mapped "{[/library/room],methods=[GET]}" onto public org.springframework.web.servlet.ModelAndView com.example.controller.UserController.libraryRoom()
2017-08-11 14:45:45 INFO  o.s.w.s.m.m.a.RequestMappingHandlerMapping:543 - Mapped "{[/library/reserve/],methods=[POST]}" onto public org.springframework.web.servlet.ModelAndView com.example.controller.UserController.saveReserveReadingMaterial(com.example.model.ReadingMaterialReservation,org.springframework.validation.BindingResult,int,java.lang.String)
2017-08-11 14:45:45 INFO  o.s.w.s.m.m.a.RequestMappingHandlerMapping:543 - Mapped "{[/library/review],methods=[POST]}" onto public org.springframework.web.servlet.ModelAndView com.example.controller.UserController.reviewReadingMaterial(int,java.lang.String)
2017-08-11 14:45:45 INFO  o.s.w.s.m.m.a.RequestMappingHandlerMapping:543 - Mapped "{[/library/review/],methods=[POST]}" onto public org.springframework.web.servlet.ModelAndView com.example.controller.UserController.addReviewReadingMaterial(com.example.model.Review,int,java.lang.String)
2017-08-11 14:45:45 INFO  o.s.w.s.m.m.a.RequestMappingHandlerMapping:543 - Mapped "{[/library/reserve],methods=[POST]}" onto public org.springframework.web.servlet.ModelAndView com.example.controller.UserController.reserveReadingMaterial(org.springframework.web.servlet.mvc.support.RedirectAttributes,int,java.lang.String)
2017-08-11 14:45:45 INFO  o.s.w.s.m.m.a.RequestMappingHandlerMapping:543 - Mapped "{[/library/room/reserve],methods=[POST]}" onto public org.springframework.web.servlet.ModelAndView com.example.controller.UserController.libraryRoomReserve(java.lang.String,java.lang.String,java.lang.String,java.lang.String)
2017-08-11 14:45:45 INFO  o.s.w.s.m.m.a.RequestMappingHandlerMapping:543 - Mapped "{[/error]}" onto public org.springframework.http.ResponseEntity<java.util.Map<java.lang.String, java.lang.Object>> org.springframework.boot.autoconfigure.web.BasicErrorController.error(javax.servlet.http.HttpServletRequest)
2017-08-11 14:45:45 INFO  o.s.w.s.m.m.a.RequestMappingHandlerMapping:543 - Mapped "{[/error],produces=[text/html]}" onto public org.springframework.web.servlet.ModelAndView org.springframework.boot.autoconfigure.web.BasicErrorController.errorHtml(javax.servlet.http.HttpServletRequest,javax.servlet.http.HttpServletResponse)
2017-08-11 14:45:45 INFO  o.s.w.s.h.SimpleUrlHandlerMapping:354 - Mapped URL path [/webjars/**] onto handler of type [class org.springframework.web.servlet.resource.ResourceHttpRequestHandler]
2017-08-11 14:45:45 INFO  o.s.w.s.h.SimpleUrlHandlerMapping:354 - Mapped URL path [/**] onto handler of type [class org.springframework.web.servlet.resource.ResourceHttpRequestHandler]
2017-08-11 14:45:45 INFO  o.s.w.s.h.SimpleUrlHandlerMapping:354 - Mapped URL path [/**/favicon.ico] onto handler of type [class org.springframework.web.servlet.resource.ResourceHttpRequestHandler]
2017-08-11 14:45:45 INFO  o.s.b.a.s.AuthenticationManagerConfiguration:169 - 

Using default security password: f1486db2-994f-471e-80ca-8fd1a5f4572f

2017-08-11 14:45:45 INFO  o.s.j.e.a.AnnotationMBeanExporter:431 - Registering beans for JMX exposure on startup
2017-08-11 14:45:46 INFO  o.s.b.c.e.t.TomcatEmbeddedServletContainer:185 - Tomcat started on port(s): 8080 (http)
2017-08-11 14:45:46 INFO  c.e.DemoApplication:57 - Started DemoApplication in 4.16 seconds (JVM running for 4.719)
2017-08-11 14:45:50 INFO  o.a.c.c.C.[.[.[/]:179 - Initializing Spring FrameworkServlet 'dispatcherServlet'
2017-08-11 14:45:50 INFO  o.s.w.s.DispatcherServlet:489 - FrameworkServlet 'dispatcherServlet': initialization started
2017-08-11 14:45:50 INFO  o.s.w.s.DispatcherServlet:508 - FrameworkServlet 'dispatcherServlet': initialization completed in 17 ms
2017-08-11 14:45:56 INFO  o.h.h.i.QueryTranslatorFactoryInitiator:47 - HHH000397: Using ASTQueryTranslatorFactory
